
  .   ____          _            __ _ _
 /\\ / ___'_ __ _ _(_)_ __  __ _ \ \ \ \
( ( )\___ | '_ | '_| | '_ \/ _` | \ \ \ \
 \\/  ___)| |_)| | | | | || (_| |  ) ) ) )
  '  |____| .__|_| |_|_| |_\__, | / / / /
 =========|_|==============|___/=/_/_/_/
 :: Spring Boot ::                (v3.2.0)

2025-11-24T20:59:53.383Z  INFO 6648 --- [inventario-app] [           main] c.i.InventarioSpringBootApplication      : Starting InventarioSpringBootApplication v1.0.0 using Java 17.0.17 with PID 6648 (/workspaces/InventarioApp/InventarioSpringBoot/target/InventarioSpringBoot.jar started by vscode in /workspaces/InventarioApp/InventarioSpringBoot)
2025-11-24T20:59:53.388Z DEBUG 6648 --- [inventario-app] [           main] c.i.InventarioSpringBootApplication      : Running with Spring Boot v3.2.0, Spring v6.1.1
2025-11-24T20:59:53.390Z  INFO 6648 --- [inventario-app] [           main] c.i.InventarioSpringBootApplication      : The following 1 profile is active: "h2"
2025-11-24T20:59:54.866Z  INFO 6648 --- [inventario-app] [           main] .s.d.r.c.RepositoryConfigurationDelegate : Bootstrapping Spring Data JPA repositories in DEFAULT mode.
2025-11-24T20:59:54.963Z  INFO 6648 --- [inventario-app] [           main] .s.d.r.c.RepositoryConfigurationDelegate : Finished Spring Data repository scanning in 73 ms. Found 2 JPA repository interfaces.
2025-11-24T20:59:55.653Z  INFO 6648 --- [inventario-app] [           main] o.s.b.w.embedded.tomcat.TomcatWebServer  : Tomcat initialized with port 8080 (http)
2025-11-24T20:59:55.666Z  INFO 6648 --- [inventario-app] [           main] o.apache.catalina.core.StandardService   : Starting service [Tomcat]
2025-11-24T20:59:55.667Z  INFO 6648 --- [inventario-app] [           main] o.apache.catalina.core.StandardEngine    : Starting Servlet engine: [Apache Tomcat/10.1.16]
2025-11-24T20:59:55.711Z  INFO 6648 --- [inventario-app] [           main] o.a.c.c.C.[Tomcat].[localhost].[/]       : Initializing Spring embedded WebApplicationContext
2025-11-24T20:59:55.713Z  INFO 6648 --- [inventario-app] [           main] w.s.c.ServletWebServerApplicationContext : Root WebApplicationContext: initialization completed in 2190 ms
2025-11-24T20:59:55.759Z  INFO 6648 --- [inventario-app] [           main] com.zaxxer.hikari.HikariDataSource       : HikariPool-1 - Starting...
2025-11-24T20:59:56.069Z  INFO 6648 --- [inventario-app] [           main] com.zaxxer.hikari.pool.HikariPool        : HikariPool-1 - Added connection conn0: url=jdbc:h2:mem:inventariodb user=SA
2025-11-24T20:59:56.071Z  INFO 6648 --- [inventario-app] [           main] com.zaxxer.hikari.HikariDataSource       : HikariPool-1 - Start completed.
2025-11-24T20:59:56.092Z  INFO 6648 --- [inventario-app] [           main] o.s.b.a.h2.H2ConsoleAutoConfiguration    : H2 console available at '/h2-console'. Database available at 'jdbc:h2:mem:inventariodb'
2025-11-24T20:59:56.272Z  INFO 6648 --- [inventario-app] [           main] o.hibernate.jpa.internal.util.LogHelper  : HHH000204: Processing PersistenceUnitInfo [name: default]
2025-11-24T20:59:56.337Z  INFO 6648 --- [inventario-app] [           main] org.hibernate.Version                    : HHH000412: Hibernate ORM core version 6.3.1.Final
2025-11-24T20:59:56.378Z  INFO 6648 --- [inventario-app] [           main] o.h.c.internal.RegionFactoryInitiator    : HHH000026: Second-level cache disabled
2025-11-24T20:59:56.642Z  INFO 6648 --- [inventario-app] [           main] o.s.o.j.p.SpringPersistenceUnitInfo      : No LoadTimeWeaver setup: ignoring JPA class transformer
2025-11-24T20:59:56.692Z  WARN 6648 --- [inventario-app] [           main] org.hibernate.orm.deprecation            : HHH90000025: H2Dialect does not need to be specified explicitly using 'hibernate.dialect' (remove the property setting and it will be selected by default)
2025-11-24T20:59:57.484Z  INFO 6648 --- [inventario-app] [           main] o.h.e.t.j.p.i.JtaPlatformInitiator       : HHH000489: No JTA platform available (set 'hibernate.transaction.jta.platform' to enable JTA platform integration)
2025-11-24T20:59:57.500Z DEBUG 6648 --- [inventario-app] [           main] org.hibernate.SQL                        : 
    drop table if exists productos cascade 
Hibernate: 
    drop table if exists productos cascade 
2025-11-24T20:59:57.505Z DEBUG 6648 --- [inventario-app] [           main] org.hibernate.SQL                        : 
    drop table if exists usuarios cascade 
Hibernate: 
    drop table if exists usuarios cascade 
2025-11-24T20:59:57.510Z DEBUG 6648 --- [inventario-app] [           main] org.hibernate.SQL                        : 
    create table productos (
        activo boolean not null,
        id integer generated by default as identity,
        precio float(53) not null,
        stock integer not null,
        categoria varchar(50),
        codigo varchar(50) not null unique,
        nombre varchar(120) not null,
        primary key (id)
    )
Hibernate: 
    create table productos (
        activo boolean not null,
        id integer generated by default as identity,
        precio float(53) not null,
        stock integer not null,
        categoria varchar(50),
        codigo varchar(50) not null unique,
        nombre varchar(120) not null,
        primary key (id)
    )
2025-11-24T20:59:57.522Z DEBUG 6648 --- [inventario-app] [           main] org.hibernate.SQL                        : 
    create table usuarios (
        activo boolean not null,
        id integer generated by default as identity,
        fecha_creacion timestamp(6),
        rol varchar(20) not null,
        username varchar(50) not null unique,
        password varchar(255) not null,
        primary key (id)
    )
Hibernate: 
    create table usuarios (
        activo boolean not null,
        id integer generated by default as identity,
        fecha_creacion timestamp(6),
        rol varchar(20) not null,
        username varchar(50) not null unique,
        password varchar(255) not null,
        primary key (id)
    )
2025-11-24T20:59:57.528Z  INFO 6648 --- [inventario-app] [           main] j.LocalContainerEntityManagerFactoryBean : Initialized JPA EntityManagerFactory for persistence unit 'default'
2025-11-24T20:59:58.006Z  WARN 6648 --- [inventario-app] [           main] JpaBaseConfiguration$JpaWebConfiguration : spring.jpa.open-in-view is enabled by default. Therefore, database queries may be performed during view rendering. Explicitly configure spring.jpa.open-in-view to disable this warning
2025-11-24T20:59:58.437Z DEBUG 6648 --- [inventario-app] [           main] s.w.s.m.m.a.RequestMappingHandlerMapping : 11 mappings in 'requestMappingHandlerMapping'
2025-11-24T20:59:58.533Z DEBUG 6648 --- [inventario-app] [           main] o.s.w.s.handler.SimpleUrlHandlerMapping  : Patterns [/webjars/**, /**] in 'resourceHandlerMapping'
2025-11-24T20:59:58.598Z  INFO 6648 --- [inventario-app] [           main] o.s.s.web.DefaultSecurityFilterChain     : Will secure any request with [org.springframework.security.web.session.DisableEncodeUrlFilter@504b4a97, org.springframework.security.web.context.request.async.WebAsyncManagerIntegrationFilter@4964d801, org.springframework.security.web.context.SecurityContextHolderFilter@202d1424, org.springframework.security.web.header.HeaderWriterFilter@34d0c331, org.springframework.web.filter.CorsFilter@b307030, org.springframework.security.web.csrf.CsrfFilter@20d92f1e, org.springframework.security.web.authentication.logout.LogoutFilter@1e2bc241, org.springframework.security.web.authentication.UsernamePasswordAuthenticationFilter@6e4bccc, org.springframework.security.web.savedrequest.RequestCacheAwareFilter@6dadcf58, org.springframework.security.web.servletapi.SecurityContextHolderAwareRequestFilter@467421cc, org.springframework.security.web.authentication.AnonymousAuthenticationFilter@2caa9666, org.springframework.security.web.access.ExceptionTranslationFilter@1adec8d, org.springframework.security.web.access.intercept.AuthorizationFilter@5003c114]
2025-11-24T20:59:58.680Z DEBUG 6648 --- [inventario-app] [           main] s.w.s.m.m.a.RequestMappingHandlerAdapter : ControllerAdvice beans: 0 @ModelAttribute, 0 @InitBinder, 1 RequestBodyAdvice, 1 ResponseBodyAdvice
2025-11-24T20:59:58.745Z DEBUG 6648 --- [inventario-app] [           main] .m.m.a.ExceptionHandlerExceptionResolver : ControllerAdvice beans: 0 @ExceptionHandler, 1 ResponseBodyAdvice
2025-11-24T20:59:59.010Z  INFO 6648 --- [inventario-app] [           main] o.s.b.w.embedded.tomcat.TomcatWebServer  : Tomcat started on port 8080 (http) with context path ''
2025-11-24T20:59:59.029Z  INFO 6648 --- [inventario-app] [           main] c.i.InventarioSpringBootApplication      : Started InventarioSpringBootApplication in 6.278 seconds (process running for 6.813)
2025-11-24T20:59:59.497Z DEBUG 6648 --- [inventario-app] [           main] org.hibernate.SQL                        : 
    select
        count(*) 
    from
        productos p1_0
Hibernate: 
    select
        count(*) 
    from
        productos p1_0
2025-11-24T20:59:59.662Z DEBUG 6648 --- [inventario-app] [           main] org.hibernate.SQL                        : 
    insert 
    into
        productos
        (activo, categoria, codigo, nombre, precio, stock, id) 
    values
        (?, ?, ?, ?, ?, ?, default)
Hibernate: 
    insert 
    into
        productos
        (activo, categoria, codigo, nombre, precio, stock, id) 
    values
        (?, ?, ?, ?, ?, ?, default)
2025-11-24T20:59:59.684Z DEBUG 6648 --- [inventario-app] [           main] org.hibernate.SQL                        : 
    insert 
    into
        productos
        (activo, categoria, codigo, nombre, precio, stock, id) 
    values
        (?, ?, ?, ?, ?, ?, default)
Hibernate: 
    insert 
    into
        productos
        (activo, categoria, codigo, nombre, precio, stock, id) 
    values
        (?, ?, ?, ?, ?, ?, default)
2025-11-24T20:59:59.688Z DEBUG 6648 --- [inventario-app] [           main] org.hibernate.SQL                        : 
    insert 
    into
        productos
        (activo, categoria, codigo, nombre, precio, stock, id) 
    values
        (?, ?, ?, ?, ?, ?, default)
Hibernate: 
    insert 
    into
        productos
        (activo, categoria, codigo, nombre, precio, stock, id) 
    values
        (?, ?, ?, ?, ?, ?, default)
2025-11-24T20:59:59.692Z DEBUG 6648 --- [inventario-app] [           main] org.hibernate.SQL                        : 
    insert 
    into
        productos
        (activo, categoria, codigo, nombre, precio, stock, id) 
    values
        (?, ?, ?, ?, ?, ?, default)
Hibernate: 
    insert 
    into
        productos
        (activo, categoria, codigo, nombre, precio, stock, id) 
    values
        (?, ?, ?, ?, ?, ?, default)
2025-11-24T20:59:59.696Z DEBUG 6648 --- [inventario-app] [           main] org.hibernate.SQL                        : 
    insert 
    into
        productos
        (activo, categoria, codigo, nombre, precio, stock, id) 
    values
        (?, ?, ?, ?, ?, ?, default)
Hibernate: 
    insert 
    into
        productos
        (activo, categoria, codigo, nombre, precio, stock, id) 
    values
        (?, ?, ?, ?, ?, ?, default)
2025-11-24T20:59:59.700Z DEBUG 6648 --- [inventario-app] [           main] org.hibernate.SQL                        : 
    insert 
    into
        productos
        (activo, categoria, codigo, nombre, precio, stock, id) 
    values
        (?, ?, ?, ?, ?, ?, default)
Hibernate: 
    insert 
    into
        productos
        (activo, categoria, codigo, nombre, precio, stock, id) 
    values
        (?, ?, ?, ?, ?, ?, default)
2025-11-24T20:59:59.704Z DEBUG 6648 --- [inventario-app] [           main] org.hibernate.SQL                        : 
    insert 
    into
        productos
        (activo, categoria, codigo, nombre, precio, stock, id) 
    values
        (?, ?, ?, ?, ?, ?, default)
Hibernate: 
    insert 
    into
        productos
        (activo, categoria, codigo, nombre, precio, stock, id) 
    values
        (?, ?, ?, ?, ?, ?, default)
2025-11-24T20:59:59.707Z DEBUG 6648 --- [inventario-app] [           main] org.hibernate.SQL                        : 
    insert 
    into
        productos
        (activo, categoria, codigo, nombre, precio, stock, id) 
    values
        (?, ?, ?, ?, ?, ?, default)
Hibernate: 
    insert 
    into
        productos
        (activo, categoria, codigo, nombre, precio, stock, id) 
    values
        (?, ?, ?, ?, ?, ?, default)
2025-11-24T20:59:59.711Z DEBUG 6648 --- [inventario-app] [           main] org.hibernate.SQL                        : 
    insert 
    into
        productos
        (activo, categoria, codigo, nombre, precio, stock, id) 
    values
        (?, ?, ?, ?, ?, ?, default)
Hibernate: 
    insert 
    into
        productos
        (activo, categoria, codigo, nombre, precio, stock, id) 
    values
        (?, ?, ?, ?, ?, ?, default)
2025-11-24T20:59:59.716Z DEBUG 6648 --- [inventario-app] [           main] org.hibernate.SQL                        : 
    insert 
    into
        productos
        (activo, categoria, codigo, nombre, precio, stock, id) 
    values
        (?, ?, ?, ?, ?, ?, default)
Hibernate: 
    insert 
    into
        productos
        (activo, categoria, codigo, nombre, precio, stock, id) 
    values
        (?, ?, ?, ?, ?, ?, default)
2025-11-24T20:59:59.719Z DEBUG 6648 --- [inventario-app] [           main] org.hibernate.SQL                        : 
    insert 
    into
        productos
        (activo, categoria, codigo, nombre, precio, stock, id) 
    values
        (?, ?, ?, ?, ?, ?, default)
Hibernate: 
    insert 
    into
        productos
        (activo, categoria, codigo, nombre, precio, stock, id) 
    values
        (?, ?, ?, ?, ?, ?, default)
2025-11-24T20:59:59.723Z DEBUG 6648 --- [inventario-app] [           main] org.hibernate.SQL                        : 
    insert 
    into
        productos
        (activo, categoria, codigo, nombre, precio, stock, id) 
    values
        (?, ?, ?, ?, ?, ?, default)
Hibernate: 
    insert 
    into
        productos
        (activo, categoria, codigo, nombre, precio, stock, id) 
    values
        (?, ?, ?, ?, ?, ?, default)
? Datos de ejemplo inicializados correctamente
2025-11-24T21:00:37.037Z  INFO 6648 --- [inventario-app] [nio-8080-exec-1] o.a.c.c.C.[Tomcat].[localhost].[/]       : Initializing Spring DispatcherServlet 'dispatcherServlet'
2025-11-24T21:00:37.037Z  INFO 6648 --- [inventario-app] [nio-8080-exec-1] o.s.web.servlet.DispatcherServlet        : Initializing Servlet 'dispatcherServlet'
2025-11-24T21:00:37.037Z DEBUG 6648 --- [inventario-app] [nio-8080-exec-1] o.s.web.servlet.DispatcherServlet        : Detected StandardServletMultipartResolver
2025-11-24T21:00:37.037Z DEBUG 6648 --- [inventario-app] [nio-8080-exec-1] o.s.web.servlet.DispatcherServlet        : Detected AcceptHeaderLocaleResolver
2025-11-24T21:00:37.038Z DEBUG 6648 --- [inventario-app] [nio-8080-exec-1] o.s.web.servlet.DispatcherServlet        : Detected FixedThemeResolver
2025-11-24T21:00:37.039Z DEBUG 6648 --- [inventario-app] [nio-8080-exec-1] o.s.web.servlet.DispatcherServlet        : Detected org.springframework.web.servlet.view.DefaultRequestToViewNameTranslator@35c9f527
2025-11-24T21:00:37.040Z DEBUG 6648 --- [inventario-app] [nio-8080-exec-1] o.s.web.servlet.DispatcherServlet        : Detected org.springframework.web.servlet.support.SessionFlashMapManager@18d09283
2025-11-24T21:00:37.040Z DEBUG 6648 --- [inventario-app] [nio-8080-exec-1] o.s.web.servlet.DispatcherServlet        : enableLoggingRequestDetails='false': request parameters and headers will be masked to prevent unsafe logging of potentially sensitive data
2025-11-24T21:00:37.040Z  INFO 6648 --- [inventario-app] [nio-8080-exec-1] o.s.web.servlet.DispatcherServlet        : Completed initialization in 3 ms
2025-11-24T21:00:37.058Z  WARN 6648 --- [inventario-app] [nio-8080-exec-1] o.s.w.s.h.HandlerMappingIntrospector     : Cache miss for REQUEST dispatch to '/productos/12/editar' (previous null). Performing CorsConfiguration lookup. This is logged once only at WARN level, and every time at TRACE.
2025-11-24T21:00:37.079Z  WARN 6648 --- [inventario-app] [nio-8080-exec-1] o.s.w.s.h.HandlerMappingIntrospector     : Cache miss for REQUEST dispatch to '/productos/12/editar' (previous null). Performing MatchableHandlerMapping lookup. This is logged once only at WARN level, and every time at TRACE.
2025-11-24T21:00:37.249Z DEBUG 6648 --- [inventario-app] [nio-8080-exec-2] o.s.web.servlet.DispatcherServlet        : GET "/login", parameters={}
2025-11-24T21:00:37.251Z DEBUG 6648 --- [inventario-app] [nio-8080-exec-2] s.w.s.m.m.a.RequestMappingHandlerMapping : Mapped to com.inventario.controller.AuthController#login(String, String, Model)
2025-11-24T21:00:37.276Z DEBUG 6648 --- [inventario-app] [nio-8080-exec-2] o.s.w.s.v.ContentNegotiatingViewResolver : Selected 'text/html' given [text/html, application/xhtml+xml, image/avif, image/webp, image/apng, application/xml;q=0.9, */*;q=0.8]
2025-11-24T21:00:37.545Z DEBUG 6648 --- [inventario-app] [nio-8080-exec-2] o.s.web.servlet.DispatcherServlet        : Completed 200 OK
2025-11-24T21:00:43.265Z DEBUG 6648 --- [inventario-app] [nio-8080-exec-6] o.s.web.servlet.DispatcherServlet        : GET "/dashboard", parameters={}
2025-11-24T21:00:43.265Z DEBUG 6648 --- [inventario-app] [nio-8080-exec-6] s.w.s.m.m.a.RequestMappingHandlerMapping : Mapped to com.inventario.controller.DashboardController#dashboard(Model)
2025-11-24T21:00:43.280Z DEBUG 6648 --- [inventario-app] [nio-8080-exec-6] org.hibernate.SQL                        : 
    select
        p1_0.id,
        p1_0.activo,
        p1_0.categoria,
        p1_0.codigo,
        p1_0.nombre,
        p1_0.precio,
        p1_0.stock 
    from
        productos p1_0
Hibernate: 
    select
        p1_0.id,
        p1_0.activo,
        p1_0.categoria,
        p1_0.codigo,
        p1_0.nombre,
        p1_0.precio,
        p1_0.stock 
    from
        productos p1_0
2025-11-24T21:00:43.293Z DEBUG 6648 --- [inventario-app] [nio-8080-exec-6] o.s.w.s.v.ContentNegotiatingViewResolver : Selected 'text/html' given [text/html, application/xhtml+xml, image/avif, image/webp, image/apng, application/xml;q=0.9, */*;q=0.8]
2025-11-24T21:00:43.381Z DEBUG 6648 --- [inventario-app] [nio-8080-exec-6] o.s.web.servlet.DispatcherServlet        : Completed 200 OK
2025-11-24T21:00:45.090Z DEBUG 6648 --- [inventario-app] [nio-8080-exec-7] o.s.web.servlet.DispatcherServlet        : GET "/productos", parameters={}
2025-11-24T21:00:45.090Z DEBUG 6648 --- [inventario-app] [nio-8080-exec-7] s.w.s.m.m.a.RequestMappingHandlerMapping : Mapped to com.inventario.controller.ProductoController#listar(String, String, String, Model)
2025-11-24T21:00:45.093Z DEBUG 6648 --- [inventario-app] [nio-8080-exec-7] org.hibernate.SQL                        : 
    select
        p1_0.id,
        p1_0.activo,
        p1_0.categoria,
        p1_0.codigo,
        p1_0.nombre,
        p1_0.precio,
        p1_0.stock 
    from
        productos p1_0
Hibernate: 
    select
        p1_0.id,
        p1_0.activo,
        p1_0.categoria,
        p1_0.codigo,
        p1_0.nombre,
        p1_0.precio,
        p1_0.stock 
    from
        productos p1_0
2025-11-24T21:00:45.100Z DEBUG 6648 --- [inventario-app] [nio-8080-exec-7] o.s.w.s.v.ContentNegotiatingViewResolver : Selected 'text/html' given [text/html, application/xhtml+xml, image/avif, image/webp, image/apng, application/xml;q=0.9, */*;q=0.8]
2025-11-24T21:00:45.151Z DEBUG 6648 --- [inventario-app] [nio-8080-exec-7] o.s.web.servlet.DispatcherServlet        : Completed 200 OK
2025-11-24T21:00:45.526Z DEBUG 6648 --- [inventario-app] [nio-8080-exec-8] o.s.web.servlet.DispatcherServlet        : GET "/favicon.ico", parameters={}
2025-11-24T21:00:45.526Z DEBUG 6648 --- [inventario-app] [nio-8080-exec-8] o.s.w.s.handler.SimpleUrlHandlerMapping  : Mapped to ResourceHttpRequestHandler [classpath [META-INF/resources/], classpath [resources/], classpath [static/], classpath [public/], ServletContext [/]]
2025-11-24T21:00:45.528Z DEBUG 6648 --- [inventario-app] [nio-8080-exec-8] o.s.w.s.r.ResourceHttpRequestHandler     : Resource not found
2025-11-24T21:00:45.532Z DEBUG 6648 --- [inventario-app] [nio-8080-exec-8] .w.s.m.s.DefaultHandlerExceptionResolver : Resolved [org.springframework.web.servlet.resource.NoResourceFoundException: No static resource favicon.ico.]
2025-11-24T21:00:45.532Z DEBUG 6648 --- [inventario-app] [nio-8080-exec-8] o.s.web.servlet.DispatcherServlet        : Completed 404 NOT_FOUND
2025-11-24T21:00:45.538Z DEBUG 6648 --- [inventario-app] [nio-8080-exec-8] o.s.web.servlet.DispatcherServlet        : "ERROR" dispatch for GET "/error", parameters={}
2025-11-24T21:00:45.538Z DEBUG 6648 --- [inventario-app] [nio-8080-exec-8] s.w.s.m.m.a.RequestMappingHandlerMapping : Mapped to org.springframework.boot.autoconfigure.web.servlet.error.BasicErrorController#error(HttpServletRequest)
2025-11-24T21:00:45.545Z DEBUG 6648 --- [inventario-app] [nio-8080-exec-8] o.s.w.s.m.m.a.HttpEntityMethodProcessor  : Using 'application/json', given [*/*] and supported [application/json, application/*+json]
2025-11-24T21:00:45.546Z DEBUG 6648 --- [inventario-app] [nio-8080-exec-8] o.s.w.s.m.m.a.HttpEntityMethodProcessor  : Writing [{timestamp=Mon Nov 24 21:00:45 GMT 2025, status=404, error=Not Found, path=/favicon.ico}]
2025-11-24T21:00:45.566Z DEBUG 6648 --- [inventario-app] [nio-8080-exec-8] o.s.web.servlet.DispatcherServlet        : Exiting from "ERROR" dispatch, status 404
2025-11-24T21:00:47.916Z DEBUG 6648 --- [inventario-app] [io-8080-exec-10] o.s.web.servlet.DispatcherServlet        : GET "/productos/12/editar", parameters={}
2025-11-24T21:00:47.916Z DEBUG 6648 --- [inventario-app] [io-8080-exec-10] s.w.s.m.m.a.RequestMappingHandlerMapping : Mapped to com.inventario.controller.ProductoController#editarForm(Integer, Model, RedirectAttributes)
2025-11-24T21:00:47.932Z DEBUG 6648 --- [inventario-app] [io-8080-exec-10] org.hibernate.SQL                        : 
    select
        p1_0.id,
        p1_0.activo,
        p1_0.categoria,
        p1_0.codigo,
        p1_0.nombre,
        p1_0.precio,
        p1_0.stock 
    from
        productos p1_0 
    where
        p1_0.id=?
Hibernate: 
    select
        p1_0.id,
        p1_0.activo,
        p1_0.categoria,
        p1_0.codigo,
        p1_0.nombre,
        p1_0.precio,
        p1_0.stock 
    from
        productos p1_0 
    where
        p1_0.id=?
2025-11-24T21:00:47.935Z DEBUG 6648 --- [inventario-app] [io-8080-exec-10] o.s.w.s.v.ContentNegotiatingViewResolver : Selected 'text/html' given [text/html, application/xhtml+xml, image/avif, image/webp, image/apng, application/xml;q=0.9, */*;q=0.8]
2025-11-24T21:00:47.960Z DEBUG 6648 --- [inventario-app] [io-8080-exec-10] o.s.web.servlet.DispatcherServlet        : Completed 200 OK
2025-11-24T21:00:48.244Z DEBUG 6648 --- [inventario-app] [nio-8080-exec-1] o.s.web.servlet.DispatcherServlet        : GET "/favicon.ico", parameters={}
2025-11-24T21:00:48.244Z DEBUG 6648 --- [inventario-app] [nio-8080-exec-1] o.s.w.s.handler.SimpleUrlHandlerMapping  : Mapped to ResourceHttpRequestHandler [classpath [META-INF/resources/], classpath [resources/], classpath [static/], classpath [public/], ServletContext [/]]
2025-11-24T21:00:48.246Z DEBUG 6648 --- [inventario-app] [nio-8080-exec-1] o.s.w.s.r.ResourceHttpRequestHandler     : Resource not found
2025-11-24T21:00:48.246Z DEBUG 6648 --- [inventario-app] [nio-8080-exec-1] .w.s.m.s.DefaultHandlerExceptionResolver : Resolved [org.springframework.web.servlet.resource.NoResourceFoundException: No static resource favicon.ico.]
2025-11-24T21:00:48.246Z DEBUG 6648 --- [inventario-app] [nio-8080-exec-1] o.s.web.servlet.DispatcherServlet        : Completed 404 NOT_FOUND
2025-11-24T21:00:48.249Z DEBUG 6648 --- [inventario-app] [nio-8080-exec-1] o.s.web.servlet.DispatcherServlet        : "ERROR" dispatch for GET "/error", parameters={}
2025-11-24T21:00:48.249Z DEBUG 6648 --- [inventario-app] [nio-8080-exec-1] s.w.s.m.m.a.RequestMappingHandlerMapping : Mapped to org.springframework.boot.autoconfigure.web.servlet.error.BasicErrorController#error(HttpServletRequest)
2025-11-24T21:00:48.250Z DEBUG 6648 --- [inventario-app] [nio-8080-exec-1] o.s.w.s.m.m.a.HttpEntityMethodProcessor  : Using 'application/json', given [*/*] and supported [application/json, application/*+json]
2025-11-24T21:00:48.251Z DEBUG 6648 --- [inventario-app] [nio-8080-exec-1] o.s.w.s.m.m.a.HttpEntityMethodProcessor  : Writing [{timestamp=Mon Nov 24 21:00:48 GMT 2025, status=404, error=Not Found, path=/favicon.ico}]
2025-11-24T21:00:48.252Z DEBUG 6648 --- [inventario-app] [nio-8080-exec-1] o.s.web.servlet.DispatcherServlet        : Exiting from "ERROR" dispatch, status 404
2025-11-24T21:00:52.046Z DEBUG 6648 --- [inventario-app] [nio-8080-exec-3] o.s.web.servlet.DispatcherServlet        : POST "/productos/12", parameters={masked}
2025-11-24T21:00:52.047Z DEBUG 6648 --- [inventario-app] [nio-8080-exec-3] s.w.s.m.m.a.RequestMappingHandlerMapping : Mapped to com.inventario.controller.ProductoController#actualizar(Integer, Producto, BindingResult, RedirectAttributes, Model)
2025-11-24T21:00:52.054Z DEBUG 6648 --- [inventario-app] [nio-8080-exec-3] org.hibernate.SQL                        : 
    select
        p1_0.id,
        p1_0.activo,
        p1_0.categoria,
        p1_0.codigo,
        p1_0.nombre,
        p1_0.precio,
        p1_0.stock 
    from
        productos p1_0 
    where
        p1_0.id=?
Hibernate: 
    select
        p1_0.id,
        p1_0.activo,
        p1_0.categoria,
        p1_0.codigo,
        p1_0.nombre,
        p1_0.precio,
        p1_0.stock 
    from
        productos p1_0 
    where
        p1_0.id=?
2025-11-24T21:00:52.066Z DEBUG 6648 --- [inventario-app] [nio-8080-exec-3] org.hibernate.SQL                        : 
    update
        productos 
    set
        activo=?,
        categoria=?,
        codigo=?,
        nombre=?,
        precio=?,
        stock=? 
    where
        id=?
Hibernate: 
    update
        productos 
    set
        activo=?,
        categoria=?,
        codigo=?,
        nombre=?,
        precio=?,
        stock=? 
    where
        id=?
2025-11-24T21:00:52.075Z DEBUG 6648 --- [inventario-app] [nio-8080-exec-3] o.s.web.servlet.view.RedirectView        : View name 'redirect:', model {}
2025-11-24T21:00:52.079Z DEBUG 6648 --- [inventario-app] [nio-8080-exec-3] o.s.web.servlet.DispatcherServlet        : Completed 302 FOUND
2025-11-24T21:00:52.172Z DEBUG 6648 --- [inventario-app] [nio-8080-exec-4] o.s.web.servlet.DispatcherServlet        : GET "/productos", parameters={}
2025-11-24T21:00:52.173Z DEBUG 6648 --- [inventario-app] [nio-8080-exec-4] s.w.s.m.m.a.RequestMappingHandlerMapping : Mapped to com.inventario.controller.ProductoController#listar(String, String, String, Model)
2025-11-24T21:00:52.175Z DEBUG 6648 --- [inventario-app] [nio-8080-exec-4] org.hibernate.SQL                        : 
    select
        p1_0.id,
        p1_0.activo,
        p1_0.categoria,
        p1_0.codigo,
        p1_0.nombre,
        p1_0.precio,
        p1_0.stock 
    from
        productos p1_0
Hibernate: 
    select
        p1_0.id,
        p1_0.activo,
        p1_0.categoria,
        p1_0.codigo,
        p1_0.nombre,
        p1_0.precio,
        p1_0.stock 
    from
        productos p1_0
2025-11-24T21:00:52.178Z DEBUG 6648 --- [inventario-app] [nio-8080-exec-4] o.s.w.s.v.ContentNegotiatingViewResolver : Selected 'text/html' given [text/html, application/xhtml+xml, image/avif, image/webp, image/apng, application/xml;q=0.9, */*;q=0.8]
2025-11-24T21:00:52.203Z DEBUG 6648 --- [inventario-app] [nio-8080-exec-4] o.s.web.servlet.DispatcherServlet        : Completed 200 OK
2025-11-24T21:00:52.602Z DEBUG 6648 --- [inventario-app] [nio-8080-exec-5] o.s.web.servlet.DispatcherServlet        : GET "/favicon.ico", parameters={}
2025-11-24T21:00:52.602Z DEBUG 6648 --- [inventario-app] [nio-8080-exec-5] o.s.w.s.handler.SimpleUrlHandlerMapping  : Mapped to ResourceHttpRequestHandler [classpath [META-INF/resources/], classpath [resources/], classpath [static/], classpath [public/], ServletContext [/]]
2025-11-24T21:00:52.604Z DEBUG 6648 --- [inventario-app] [nio-8080-exec-5] o.s.w.s.r.ResourceHttpRequestHandler     : Resource not found
2025-11-24T21:00:52.605Z DEBUG 6648 --- [inventario-app] [nio-8080-exec-5] .w.s.m.s.DefaultHandlerExceptionResolver : Resolved [org.springframework.web.servlet.resource.NoResourceFoundException: No static resource favicon.ico.]
2025-11-24T21:00:52.605Z DEBUG 6648 --- [inventario-app] [nio-8080-exec-5] o.s.web.servlet.DispatcherServlet        : Completed 404 NOT_FOUND
2025-11-24T21:00:52.607Z DEBUG 6648 --- [inventario-app] [nio-8080-exec-5] o.s.web.servlet.DispatcherServlet        : "ERROR" dispatch for GET "/error", parameters={}
2025-11-24T21:00:52.608Z DEBUG 6648 --- [inventario-app] [nio-8080-exec-5] s.w.s.m.m.a.RequestMappingHandlerMapping : Mapped to org.springframework.boot.autoconfigure.web.servlet.error.BasicErrorController#error(HttpServletRequest)
2025-11-24T21:00:52.608Z DEBUG 6648 --- [inventario-app] [nio-8080-exec-5] o.s.w.s.m.m.a.HttpEntityMethodProcessor  : Using 'application/json', given [*/*] and supported [application/json, application/*+json]
2025-11-24T21:00:52.608Z DEBUG 6648 --- [inventario-app] [nio-8080-exec-5] o.s.w.s.m.m.a.HttpEntityMethodProcessor  : Writing [{timestamp=Mon Nov 24 21:00:52 GMT 2025, status=404, error=Not Found, path=/favicon.ico}]
2025-11-24T21:00:52.609Z DEBUG 6648 --- [inventario-app] [nio-8080-exec-5] o.s.web.servlet.DispatcherServlet        : Exiting from "ERROR" dispatch, status 404
